C51 COMPILER V9.53.0.0   INTERRUPTS                                                        04/16/2017 23:52:33 PAGE 1   


C51 COMPILER V9.53.0.0, COMPILATION OF MODULE INTERRUPTS
OBJECT MODULE PLACED IN .\src/Interrupts.OBJ
COMPILER INVOKED BY: Z:\Applications\Simplicity Studio.app\Contents\Eclipse\developer\toolchains\keil_8051\9.53\BIN\C51.
                    -exe /Users/s150563/Documents/Cooper/Semester 4/Comp_Arch/ECE251-Project1/STOPWATCH1/src/Interrupts.c OMF2 SMALL DEBUG OB
                    -JECTEXTEND ROM(LARGE) WARNINGLEVEL(2) FLOATFUZZY(3) OPTIMIZE(8,SPEED) DEFINE(DEBUG=1) INTVECTOR(0X0000) INTPROMOTE INCDI
                    -R(/Users/s150563/Documents/Cooper/Semester 4/Comp_Arch/ECE251-Project1/STOPWATCH1/inc;/Users/s150563/Documents/Cooper/Se
                    -mester 4/Comp_Arch/ECE251-Project1/STOPWATCH1/inc/config;/Users/s150563/Documents/Cooper/Semester 4/Comp_Arch/ECE251-Pro
                    -ject1/STOPWATCH1/inc/graphics;/Applications/Simplicity Studio.app/Contents/Eclipse/developer/sdks/8051/v4.0.3//Device/EF
                    -M8BB3/peripheral_driver/inc;/Applications/Simplicity Studio.app/Contents/Eclipse/developer/sdks/8051/v4.0.3//kits/common
                    -/bsp;/Applications/Simplicity Studio.app/Contents/Eclipse/developer/sdks/8051/v4.0.3//kits/EFM8BB3_SLSTK2022A/config;/Ap
                    -plications/Simplicity Studio.app/Contents/Eclipse/developer/sdks/8051/v4.0.3//kits/common/drivers/efm8_memory_lcd/inc;/A
                    -pplications/Simplicity Studio.app/Contents/Eclipse/developer/sdks/8051/v4.0.3//kits/common/drivers/efm8_memory_lcd/inc/g
                    -raphics;/Applications/Simplicity Studio.app/Contents/Eclipse/developer/sdks/8051/v4.0.3//kits/common/drivers/efm8_memory
                    -_lcd/inc/config;/Applications/Simplicity Studio.app/Contents/Eclipse/developer/sdks/8051/v4.0.3//kits/common/drivers/efm
                    -8_joystick;/Applications/Simplicity Studio.app/Contents/Eclipse/developer/sdks/8051/v4.0.3//Device/shared/si8051base;/Ap
                    -plications/Simplicity Studio.app/Contents/Eclipse/developer/sdks/8051/v4.0.3//Device/EFM8BB3/inc) PRINT(.\src/Interrupts
                    -.lst) COND PAGEWIDTH(120) PAGELENGTH(65) OBJECT(.\src/Interrupts.OBJ)

line level    source

   1          //=========================================================
   2          // src/Interupts.c: generated by Hardware Configurator
   3          //
   4          // This file will be regenerated when saving a document.
   5          // leave the sections inside the "$[...]" comment tags alone
   6          // or they will be overwritten!
   7          //=========================================================
   8          
   9          // USER INCLUDES
  10          #include <SI_EFM8BB3_Register_Enums.h>
  11          
  12          //-----------------------------------------------------------------------------
  13          // Global Constants
  14          //-----------------------------------------------------------------------------
  15          // Configurator set for HFOSC/8
  16          #define SYSCLK             3062500
  17          
  18          // Configurator set for initial overflow of 100 ms / 10 Hz.
  19          // We use resulting TH and TL values as the reload values. They are:
  20          #define TIMER0_RELOAD_HIGH    0x07
  21          #define TIMER0_RELOAD_LOW     0x13
  22          
  23          //-----------------------------------------------------------------------------
  24          // Pin Definitions
  25          //-----------------------------------------------------------------------------
  26          SI_SBIT (LED1, SFR_P1, 4);                 // DS5 P1.0 LED
  27          
  28          //-----------------------------------------------------------------------------
  29          // TIMER0_ISR
  30          //-----------------------------------------------------------------------------
  31          //
  32          // TIMER0 ISR Content goes here. Remember to clear flag bits:
  33          // TCON::TF0 (Timer 0 Overflow Flag)
  34          //
  35          // Here we process the Timer0 interrupt and toggle the LED
  36          //
  37          //-----------------------------------------------------------------------------
  38          SI_INTERRUPT (TIMER0_ISR, TIMER0_IRQn)
  39          {
  40   1         LED1 = !LED1;                       // Toggle the LED
  41   1      
  42   1         TH0 = TIMER0_RELOAD_HIGH;           // Reinit Timer0 High register
C51 COMPILER V9.53.0.0   INTERRUPTS                                                        04/16/2017 23:52:33 PAGE 2   

  43   1         TL0 = TIMER0_RELOAD_LOW;            // Reinit Timer0 Low register
  44   1      }
  45          
  46          


MODULE INFORMATION:   STATIC OVERLAYABLE
   CODE SIZE        =     12    ----
   CONSTANT SIZE    =   ----    ----
   XDATA SIZE       =   ----    ----
   PDATA SIZE       =   ----    ----
   DATA SIZE        =   ----    ----
   IDATA SIZE       =   ----    ----
   BIT SIZE         =   ----    ----
   EDATA SIZE       =   ----    ----
   HDATA SIZE       =   ----    ----
   XDATA CONST SIZE =   ----    ----
   FAR CONST SIZE   =   ----    ----
END OF MODULE INFORMATION.


C51 COMPILATION COMPLETE.  0 WARNING(S),  0 ERROR(S)
