AX51 MACRO ASSEMBLER  START                                                                 04/22/17 19:28:29 PAGE     1


MACRO ASSEMBLER AX51 V3.12.0.0
OBJECT MODULE PLACED IN .\src\start.OBJ
ASSEMBLER INVOKED BY: Z:\Applications\Simplicity Studio.app\Contents\Eclipse\developer\toolchains\keil_8051\9.53\BIN\AX5
                      1.exe /Users/s150563/Documents/Cooper/Semester 4/Comp_Arch/ECE251-Project1/STOPWATCH1/src/start.as
                      m ERRORPRINT SET(SMALL) DEBUG MACRO NOMOD51 INCDIR(/Applications/Simplicity Studio.app/Contents/Ec
                      lipse/developer/sdks/8051/v4.0.3//Device/EFM8BB3/peripheral_driver/inc;/Applications/Simplicity St
                      udio.app/Contents/Eclipse/developer/sdks/8051/v4.0.3//kits/common/bsp;/Applications/Simplicity Stu
                      dio.app/Contents/Eclipse/developer/sdks/8051/v4.0.3//kits/EFM8BB3_SLSTK2022A/config;/Applications/
                      Simplicity Studio.app/Contents/Eclipse/developer/sdks/8051/v4.0.3//kits/common/drivers/efm8_memory
                      _lcd/inc;/Applications/Simplicity Studio.app/Contents/Eclipse/developer/sdks/8051/v4.0.3//kits/com
                      mon/drivers/efm8_memory_lcd/inc/graphics;/Applications/Simplicity Studio.app/Contents/Eclipse/deve
                      loper/sdks/8051/v4.0.3//kits/common/drivers/efm8_memory_lcd/inc/config;/Applications/Simplicity St
                      udio.app/Contents/Eclipse/developer/sdks/8051/v4.0.3//kits/common/drivers/efm8_joystick;/Applicati
                      ons/Simplicity Studio.app/Contents/Eclipse/developer/sdks/8051/v4.0.3//Device/shared/si8051base;/A
                      pplications/Simplicity Studio.app/Contents/Eclipse/developer/sdks/8051/v4.0.3//Device/EFM8BB3/inc)
                       PRINT(.\src\start.lst) COND SYMBOLS PAGEWIDTH(120) PAGELENGTH(65) OBJECT(.\src\start.OBJ) 

LOC    OBJ             LINE     SOURCE

                          1     
                          2     
                          3     
                          4     
000000                    5     START:
000000                    6     SETB P1.6
*** _________________________________^
*** ERROR #A45 IN 6 (\Users\s150563\Documents\Cooper\Semester 4\Comp_Arch\ECE251-Project1\STOPWATCH1\src\start.asm, LINE
                                6): UNDEFINED SYMBOL
000002                    7     CLR P1.4
*** ________________________________^
*** ERROR #A45 IN 7 (\Users\s150563\Documents\Cooper\Semester 4\Comp_Arch\ECE251-Project1\STOPWATCH1\src\start.asm, LINE
                                7): UNDEFINED SYMBOL
000004                    8     CLR P1.5
*** ________________________________^
*** ERROR #A45 IN 8 (\Users\s150563\Documents\Cooper\Semester 4\Comp_Arch\ECE251-Project1\STOPWATCH1\src\start.asm, LINE
                                8): UNDEFINED SYMBOL
                          9     END
AX51 MACRO ASSEMBLER  START                                                                 04/22/17 19:28:29 PAGE     2

SYMBOL TABLE LISTING
------ ----- -------


N A M E             T Y P E  V A L U E     ATTRIBUTES

P1 . . . . . . . .  -- ----  -------       
START. . . . . . .  C  ADDR  0000H     R   SEG=?CO?START?0


REGISTER BANK(S) USED: 0 


ASSEMBLY COMPLETE.  0 WARNING(S), 3 ERROR(S).
