C51 COMPILER V9.53.0.0   VOLTMETER                                                         04/16/2017 21:11:04 PAGE 1   


C51 COMPILER V9.53.0.0, COMPILATION OF MODULE VOLTMETER
OBJECT MODULE PLACED IN .\src/voltmeter.OBJ
COMPILER INVOKED BY: Z:\Applications\Simplicity Studio.app\Contents\Eclipse\developer\toolchains\keil_8051\9.53\BIN\C51.
                    -exe /Users/s150563/Documents/Cooper/Semester 4/Comp_Arch/ECE251-Project1/STOPWATCH1/src/voltmeter.c OMF2 SMALL DEBUG OBJ
                    -ECTEXTEND ROM(LARGE) WARNINGLEVEL(2) FLOATFUZZY(3) OPTIMIZE(8,SPEED) DEFINE(DEBUG=1) INTVECTOR(0X0000) INTPROMOTE INCDIR
                    -(/Users/s150563/Documents/Cooper/Semester 4/Comp_Arch/ECE251-Project1/STOPWATCH1/inc;/Users/s150563/Documents/Cooper/Sem
                    -ester 4/Comp_Arch/ECE251-Project1/STOPWATCH1/inc/config;/Users/s150563/Documents/Cooper/Semester 4/Comp_Arch/ECE251-Proj
                    -ect1/STOPWATCH1/inc/graphics;/Applications/Simplicity Studio.app/Contents/Eclipse/developer/sdks/8051/v4.0.3//Device/EFM
                    -8BB3/peripheral_driver/inc;/Applications/Simplicity Studio.app/Contents/Eclipse/developer/sdks/8051/v4.0.3//kits/common/
                    -bsp;/Applications/Simplicity Studio.app/Contents/Eclipse/developer/sdks/8051/v4.0.3//kits/EFM8BB3_SLSTK2022A/config;/App
                    -lications/Simplicity Studio.app/Contents/Eclipse/developer/sdks/8051/v4.0.3//kits/common/drivers/efm8_memory_lcd/inc;/Ap
                    -plications/Simplicity Studio.app/Contents/Eclipse/developer/sdks/8051/v4.0.3//kits/common/drivers/efm8_memory_lcd/inc/gr
                    -aphics;/Applications/Simplicity Studio.app/Contents/Eclipse/developer/sdks/8051/v4.0.3//kits/common/drivers/efm8_memory_
                    -lcd/inc/config;/Applications/Simplicity Studio.app/Contents/Eclipse/developer/sdks/8051/v4.0.3//kits/common/drivers/efm8
                    -_joystick;/Applications/Simplicity Studio.app/Contents/Eclipse/developer/sdks/8051/v4.0.3//Device/shared/si8051base;/App
                    -lications/Simplicity Studio.app/Contents/Eclipse/developer/sdks/8051/v4.0.3//Device/EFM8BB3/inc) PRINT(.\src/voltmeter.l
                    -st) COND PAGEWIDTH(120) PAGELENGTH(65) OBJECT(.\src/voltmeter.OBJ)

line level    source

   1          /**************************************************************************//**
   2           * Copyright (c) 2015 by Silicon Laboratories Inc. All rights reserved.
   3           *
   4           * http://developer.silabs.com/legal/version/v11/Silicon_Labs_Software_License_Agreement.txt
   5           *****************************************************************************/
   6          ///////////////////////////////////////////////////////////////////////////////
   7          // voltmeter.c
   8          ///////////////////////////////////////////////////////////////////////////////
   9          
  10          ///////////////////////////////////////////////////////////////////////////////
  11          // Includes
  12          ///////////////////////////////////////////////////////////////////////////////
  13          
  14          #include "bsp.h"
  15          #include "tick.h"
  16          #include "disp.h"
  17          #include "render.h"
  18          #include "voltmeter.h"
  19          #include "joystick.h"
  20          #include "adc.h"
  21          #include "thinfont.h"
  22          
  23          ///////////////////////////////////////////////////////////////////////////////
  24          // Globals
  25          ///////////////////////////////////////////////////////////////////////////////
  26          
  27          // Generic line buffer
  28          SI_SEGMENT_VARIABLE(Line[DISP_BUF_SIZE], uint8_t, RENDER_LINE_SEG);
  29          
  30          ///////////////////////////////////////////////////////////////////////////////
  31          // Supporting Functions
  32          ///////////////////////////////////////////////////////////////////////////////
  33          
  34          //-----------------------------------------------------------------------------
  35          // drawScreenText
  36          //-----------------------------------------------------------------------------
  37          //
  38          // Show one line of text on the screen
  39          //
  40          // str - pointer to string text (0 - 21 characters) to display
  41          // rowNum - row number of the screen (0 - 127)
  42          // fontScale - font scaler (1 - 4)
C51 COMPILER V9.53.0.0   VOLTMETER                                                         04/16/2017 21:11:04 PAGE 2   

  43          //
  44          void drawScreenText(SI_VARIABLE_SEGMENT_POINTER(str, char, RENDER_STR_SEG), uint8_t rowNum, uint8_t fontSc
             -ale)
  45          {
  46   1        uint8_t i, j;
  47   1      
  48   1        for (i = 0; i < FONT_HEIGHT; i++)
  49   1        {
  50   2          RENDER_ClrLine(Line);
  51   2          RENDER_Large_StrLine(Line, 4, i, (SI_VARIABLE_SEGMENT_POINTER(, char, RENDER_STR_SEG))str, fontScale);
  52   2      
  53   2          for (j = 1; j < fontScale + 1; j++)
  54   2          {
  55   3            DISP_WriteLine(rowNum + (i * fontScale) + j, Line);
  56   3          }
  57   2        }
  58   1      }
  59          
  60          ///////////////////////////////////////////////////////////////////////////////
  61          // Interrupt Service Routines
  62          ///////////////////////////////////////////////////////////////////////////////
  63          
  64          //-----------------------------------------------------------------------------
  65          // PMATCH_ISR
  66          //-----------------------------------------------------------------------------
  67          //
  68          // The Port Match interrupt occurs whenever (Pn & PnMASK) != (PnMAT & PnMASK).
  69          // We must disable the interrupt and wait until the button is released in
  70          // main, or else the interrupt will trigger multiple times.  It is generally
  71          // not good practice to sit in an ISR for int32_t periods of time.
  72          //
  73          SI_INTERRUPT(PMATCH_ISR, PMATCH_IRQn)
  74          {
  75   1      
  76   1      }
  77          
  78          ///////////////////////////////////////////////////////////////////////////////
  79          // Driver Function
  80          ///////////////////////////////////////////////////////////////////////////////
  81          
  82          void Voltmeter_main(void)
  83          {
  84   1        drawScreenText("STOPWATCH", 0, 2);
  85   1      
  86   1      
  87   1        while(1)
  88   1        {
  89   2      
  90   2        }
  91   1      }


MODULE INFORMATION:   STATIC OVERLAYABLE
   CODE SIZE        =    119    ----
   CONSTANT SIZE    =    810    ----
   XDATA SIZE       =     16    ----
   PDATA SIZE       =   ----    ----
   DATA SIZE        =   ----       7
   IDATA SIZE       =   ----    ----
   BIT SIZE         =   ----    ----
   EDATA SIZE       =   ----    ----
   HDATA SIZE       =   ----    ----
   XDATA CONST SIZE =   ----    ----
C51 COMPILER V9.53.0.0   VOLTMETER                                                         04/16/2017 21:11:04 PAGE 3   

   FAR CONST SIZE   =   ----    ----
END OF MODULE INFORMATION.


C51 COMPILATION COMPLETE.  0 WARNING(S),  0 ERROR(S)
